<?xml version="1.0" encoding="utf-8"?><testsuites name="pytest tests"><testsuite name="pytest" errors="19" failures="6" skipped="0" tests="80" time="41.553" timestamp="2025-12-05T19:27:27.712359+05:00" hostname="RizwanPC"><testcase classname="core.utils.tests.test_cache" name="test_capacity" time="0.230" /><testcase classname="core.utils.tests.test_cache" name="test_persistence" time="0.008" /><testcase classname="core.utils.tests.test_cache" name="test_eviction_order" time="0.006" /><testcase classname="core.utils.tests.test_editorjs" name="test_clean_editor_js[The Saleor Winter Sale is snowed under with seasonal offers. Unreal products at unreal prices. Literally, they are not real products, but the Saleor demo store is a genuine e-commerce leader.]" time="0.014" /><testcase classname="core.utils.tests.test_editorjs" name="test_clean_editor_js[The Saleor Winter Sale is snowed &lt;a href=&quot;https://docs.saleor.io/&quot;&gt;]" time="0.014" /><testcase classname="core.utils.tests.test_editorjs" name="test_clean_editor_js[The Saleor Sale is snowed &lt;a href=&quot;https://docs.saleor.io/&quot;&gt;. Test.]" time="0.012" /><testcase classname="core.utils.tests.test_editorjs" name="test_clean_editor_js[The Saleor Winter Sale is snowed &lt;a href=&quot;https://docs.saleor.io/&quot;&gt;. Test &lt;a href=&quot;https://docs.saleor.io/&quot;&gt;.]" time="0.012" /><testcase classname="core.utils.tests.test_editorjs" name="test_clean_editor_js[]" time="0.037" /><testcase classname="core.utils.tests.test_editorjs" name="test_clean_editor_js[The Saleor Winter Sale is snowed &lt;a &gt;]" time="0.012" /><testcase classname="core.utils.tests.test_editorjs" name="test_clean_editor_js_no_blocks" time="0.008" /><testcase classname="core.utils.tests.test_editorjs" name="test_clean_editor_js_no_data" time="0.010" /><testcase classname="core.utils.tests.test_editorjs" name="test_clean_editor_js_invalid_url" time="0.009" /><testcase classname="core.utils.tests.test_editorjs" name="test_clean_editor_js_for_list" time="0.007" /><testcase classname="core.utils.tests.test_editorjs" name="test_clean_editor_js_for_list_invalid_url" time="0.010" /><testcase classname="core.utils.tests.test_editorjs" name="test_clean_editor_js_for_complex_description" time="0.008" /><testcase classname="core.utils.tests.test_events" name="test_call_event_cannot_be_used_with_checkout_info_object" time="0.006"><error message="failed on setup with &quot;file C:\semester 5\sqe\semester project\saleor\core\utils\tests\test_events.py, line 14&#10;  def test_call_event_cannot_be_used_with_checkout_info_object(&#10;E       fixture 'checkout_info' not found&#10;&gt;       available fixtures: _class_scoped_runner, _dj_autoclear_mailbox, _django_clear_site_cache, _django_db_helper, _django_db_marker, _django_set_urlconf, _django_setup_unittest, _fail_for_invalid_template_variable, _function_scoped_runner, _live_server_helper, _module_scoped_runner, _package_scoped_runner, _pytest_query_marker, _session_faker, _session_scoped_runner, _template_string_if_invalid_marker, admin_client, admin_user, allowed_hosts, anyio_backend, anyio_backend_name, anyio_backend_options, async_client, async_rf, block_network, cache, capfd, capfdbinary, caplog, capsys, capsysbinary, capteesys, celery_app, celery_backend, celery_backend_cluster, celery_backend_cluster_config, celery_base_worker_image, celery_broker, celery_broker_cluster, celery_broker_cluster_config, celery_class_tasks, celery_config, celery_enable_logging, celery_includes, celery_localstack_broker, celery_parameters, celery_rabbitmq_broker, celery_redis_backend, celery_redis_broker, celery_session_app, celery_session_worker, celery_setup, celery_setup_app, celery_setup_cls, celery_setup_config, celery_setup_name, celery_setup_worker, celery_worker, celery_worker_cluster, celery_worker_cluster_config, celery_worker_parameters, celery_worker_pool, class_mocker, client, count_queries, cov, db, default_cassette_name, default_localstack_broker, default_localstack_broker_cls, default_localstack_broker_env, default_localstack_broker_image, default_localstack_broker_ports, default_pytest_celery_network, default_rabbitmq_broker, default_rabbitmq_broker_cls, default_rabbitmq_broker_env, default_rabbitmq_broker_image, default_rabbitmq_broker_ports, default_redis_backend, default_redis_backend_cls, default_redis_backend_command, default_redis_backend_env, default_redis_backend_image, default_redis_backend_ports, default_redis_broker, default_redis_broker_cls, default_redis_broker_command, default_redis_broker_env, default_redis_broker_image, default_redis_broker_ports, default_worker_app, default_worker_app_module, default_worker_celery_log_level, default_worker_celery_version, default_worker_celery_worker_name, default_worker_celery_worker_queue, default_worker_cls, default_worker_command, default_worker_container, default_worker_container_cls, default_worker_container_session_cls, default_worker_env, default_worker_initial_content, default_worker_ports, default_worker_signals, default_worker_tasks, default_worker_utils_module, default_worker_volume, depends_on_current_app, disable_recording, django_assert_max_num_queries, django_assert_num_queries, django_capture_on_commit_callbacks, django_db_blocker, django_db_createdb, django_db_keepdb, django_db_modify_db_settings, django_db_modify_db_settings_parallel_suffix, django_db_modify_db_settings_tox_suffix, django_db_modify_db_settings_xdist_suffix, django_db_reset_sequences, django_db_serialized_rollback, django_db_setup, django_db_use_migrations, django_mail_dnsname, django_mail_patch_dns, django_test_environment, django_user_model, django_username_field, docker_client, doctest_namespace, event_loop_policy, faker, free_tcp_port, free_tcp_port_factory, free_udp_port, free_udp_port_factory, live_server, mailoutbox, mocker, module_mocker, monkeypatch, no_cover, package_mocker, pytestconfig, record_mode, record_property, record_testsuite_property, record_xml_attribute, recwarn, rf, session_mocker, settings, socket_disabled, socket_enabled, testrun_uid, tmp_path, tmp_path_factory, tmpdir, tmpdir_factory, transactional_db, unused_tcp_port, unused_tcp_port_factory, unused_udp_port, unused_udp_port_factory, use_celery_app_trap, vcr, vcr_cassette_dir, vcr_config, vcr_markers, worker_id&#10;&gt;       use 'pytest --fixtures [testpath]' for help on them.&#10;&#10;C:\semester 5\sqe\semester project\saleor\core\utils\tests\test_events.py:14&quot;">file C:\semester 5\sqe\semester project\saleor\core\utils\tests\test_events.py, line 14
  def test_call_event_cannot_be_used_with_checkout_info_object(
E       fixture 'checkout_info' not found
&gt;       available fixtures: _class_scoped_runner, _dj_autoclear_mailbox, _django_clear_site_cache, _django_db_helper, _django_db_marker, _django_set_urlconf, _django_setup_unittest, _fail_for_invalid_template_variable, _function_scoped_runner, _live_server_helper, _module_scoped_runner, _package_scoped_runner, _pytest_query_marker, _session_faker, _session_scoped_runner, _template_string_if_invalid_marker, admin_client, admin_user, allowed_hosts, anyio_backend, anyio_backend_name, anyio_backend_options, async_client, async_rf, block_network, cache, capfd, capfdbinary, caplog, capsys, capsysbinary, capteesys, celery_app, celery_backend, celery_backend_cluster, celery_backend_cluster_config, celery_base_worker_image, celery_broker, celery_broker_cluster, celery_broker_cluster_config, celery_class_tasks, celery_config, celery_enable_logging, celery_includes, celery_localstack_broker, celery_parameters, celery_rabbitmq_broker, celery_redis_backend, celery_redis_broker, celery_session_app, celery_session_worker, celery_setup, celery_setup_app, celery_setup_cls, celery_setup_config, celery_setup_name, celery_setup_worker, celery_worker, celery_worker_cluster, celery_worker_cluster_config, celery_worker_parameters, celery_worker_pool, class_mocker, client, count_queries, cov, db, default_cassette_name, default_localstack_broker, default_localstack_broker_cls, default_localstack_broker_env, default_localstack_broker_image, default_localstack_broker_ports, default_pytest_celery_network, default_rabbitmq_broker, default_rabbitmq_broker_cls, default_rabbitmq_broker_env, default_rabbitmq_broker_image, default_rabbitmq_broker_ports, default_redis_backend, default_redis_backend_cls, default_redis_backend_command, default_redis_backend_env, default_redis_backend_image, default_redis_backend_ports, default_redis_broker, default_redis_broker_cls, default_redis_broker_command, default_redis_broker_env, default_redis_broker_image, default_redis_broker_ports, default_worker_app, default_worker_app_module, default_worker_celery_log_level, default_worker_celery_version, default_worker_celery_worker_name, default_worker_celery_worker_queue, default_worker_cls, default_worker_command, default_worker_container, default_worker_container_cls, default_worker_container_session_cls, default_worker_env, default_worker_initial_content, default_worker_ports, default_worker_signals, default_worker_tasks, default_worker_utils_module, default_worker_volume, depends_on_current_app, disable_recording, django_assert_max_num_queries, django_assert_num_queries, django_capture_on_commit_callbacks, django_db_blocker, django_db_createdb, django_db_keepdb, django_db_modify_db_settings, django_db_modify_db_settings_parallel_suffix, django_db_modify_db_settings_tox_suffix, django_db_modify_db_settings_xdist_suffix, django_db_reset_sequences, django_db_serialized_rollback, django_db_setup, django_db_use_migrations, django_mail_dnsname, django_mail_patch_dns, django_test_environment, django_user_model, django_username_field, docker_client, doctest_namespace, event_loop_policy, faker, free_tcp_port, free_tcp_port_factory, free_udp_port, free_udp_port_factory, live_server, mailoutbox, mocker, module_mocker, monkeypatch, no_cover, package_mocker, pytestconfig, record_mode, record_property, record_testsuite_property, record_xml_attribute, recwarn, rf, session_mocker, settings, socket_disabled, socket_enabled, testrun_uid, tmp_path, tmp_path_factory, tmpdir, tmpdir_factory, transactional_db, unused_tcp_port, unused_tcp_port_factory, unused_udp_port, unused_udp_port_factory, use_celery_app_trap, vcr, vcr_cassette_dir, vcr_config, vcr_markers, worker_id
&gt;       use 'pytest --fixtures [testpath]' for help on them.

C:\semester 5\sqe\semester project\saleor\core\utils\tests\test_events.py:14</error></testcase><testcase classname="core.utils.tests.test_events" name="test_call_event_cannot_be_used_with_checkout_object" time="0.006"><error message="failed on setup with &quot;file C:\semester 5\sqe\semester project\saleor\core\utils\tests\test_events.py, line 21&#10;  def test_call_event_cannot_be_used_with_checkout_object(checkout, plugins_manager):&#10;E       fixture 'checkout' not found&#10;&gt;       available fixtures: _class_scoped_runner, _dj_autoclear_mailbox, _django_clear_site_cache, _django_db_helper, _django_db_marker, _django_set_urlconf, _django_setup_unittest, _fail_for_invalid_template_variable, _function_scoped_runner, _live_server_helper, _module_scoped_runner, _package_scoped_runner, _pytest_query_marker, _session_faker, _session_scoped_runner, _template_string_if_invalid_marker, admin_client, admin_user, allowed_hosts, anyio_backend, anyio_backend_name, anyio_backend_options, async_client, async_rf, block_network, cache, capfd, capfdbinary, caplog, capsys, capsysbinary, capteesys, celery_app, celery_backend, celery_backend_cluster, celery_backend_cluster_config, celery_base_worker_image, celery_broker, celery_broker_cluster, celery_broker_cluster_config, celery_class_tasks, celery_config, celery_enable_logging, celery_includes, celery_localstack_broker, celery_parameters, celery_rabbitmq_broker, celery_redis_backend, celery_redis_broker, celery_session_app, celery_session_worker, celery_setup, celery_setup_app, celery_setup_cls, celery_setup_config, celery_setup_name, celery_setup_worker, celery_worker, celery_worker_cluster, celery_worker_cluster_config, celery_worker_parameters, celery_worker_pool, class_mocker, client, count_queries, cov, db, default_cassette_name, default_localstack_broker, default_localstack_broker_cls, default_localstack_broker_env, default_localstack_broker_image, default_localstack_broker_ports, default_pytest_celery_network, default_rabbitmq_broker, default_rabbitmq_broker_cls, default_rabbitmq_broker_env, default_rabbitmq_broker_image, default_rabbitmq_broker_ports, default_redis_backend, default_redis_backend_cls, default_redis_backend_command, default_redis_backend_env, default_redis_backend_image, default_redis_backend_ports, default_redis_broker, default_redis_broker_cls, default_redis_broker_command, default_redis_broker_env, default_redis_broker_image, default_redis_broker_ports, default_worker_app, default_worker_app_module, default_worker_celery_log_level, default_worker_celery_version, default_worker_celery_worker_name, default_worker_celery_worker_queue, default_worker_cls, default_worker_command, default_worker_container, default_worker_container_cls, default_worker_container_session_cls, default_worker_env, default_worker_initial_content, default_worker_ports, default_worker_signals, default_worker_tasks, default_worker_utils_module, default_worker_volume, depends_on_current_app, disable_recording, django_assert_max_num_queries, django_assert_num_queries, django_capture_on_commit_callbacks, django_db_blocker, django_db_createdb, django_db_keepdb, django_db_modify_db_settings, django_db_modify_db_settings_parallel_suffix, django_db_modify_db_settings_tox_suffix, django_db_modify_db_settings_xdist_suffix, django_db_reset_sequences, django_db_serialized_rollback, django_db_setup, django_db_use_migrations, django_mail_dnsname, django_mail_patch_dns, django_test_environment, django_user_model, django_username_field, docker_client, doctest_namespace, event_loop_policy, faker, free_tcp_port, free_tcp_port_factory, free_udp_port, free_udp_port_factory, live_server, mailoutbox, mocker, module_mocker, monkeypatch, no_cover, package_mocker, pytestconfig, record_mode, record_property, record_testsuite_property, record_xml_attribute, recwarn, rf, session_mocker, settings, socket_disabled, socket_enabled, testrun_uid, tmp_path, tmp_path_factory, tmpdir, tmpdir_factory, transactional_db, unused_tcp_port, unused_tcp_port_factory, unused_udp_port, unused_udp_port_factory, use_celery_app_trap, vcr, vcr_cassette_dir, vcr_config, vcr_markers, worker_id&#10;&gt;       use 'pytest --fixtures [testpath]' for help on them.&#10;&#10;C:\semester 5\sqe\semester project\saleor\core\utils\tests\test_events.py:21&quot;">file C:\semester 5\sqe\semester project\saleor\core\utils\tests\test_events.py, line 21
  def test_call_event_cannot_be_used_with_checkout_object(checkout, plugins_manager):
E       fixture 'checkout' not found
&gt;       available fixtures: _class_scoped_runner, _dj_autoclear_mailbox, _django_clear_site_cache, _django_db_helper, _django_db_marker, _django_set_urlconf, _django_setup_unittest, _fail_for_invalid_template_variable, _function_scoped_runner, _live_server_helper, _module_scoped_runner, _package_scoped_runner, _pytest_query_marker, _session_faker, _session_scoped_runner, _template_string_if_invalid_marker, admin_client, admin_user, allowed_hosts, anyio_backend, anyio_backend_name, anyio_backend_options, async_client, async_rf, block_network, cache, capfd, capfdbinary, caplog, capsys, capsysbinary, capteesys, celery_app, celery_backend, celery_backend_cluster, celery_backend_cluster_config, celery_base_worker_image, celery_broker, celery_broker_cluster, celery_broker_cluster_config, celery_class_tasks, celery_config, celery_enable_logging, celery_includes, celery_localstack_broker, celery_parameters, celery_rabbitmq_broker, celery_redis_backend, celery_redis_broker, celery_session_app, celery_session_worker, celery_setup, celery_setup_app, celery_setup_cls, celery_setup_config, celery_setup_name, celery_setup_worker, celery_worker, celery_worker_cluster, celery_worker_cluster_config, celery_worker_parameters, celery_worker_pool, class_mocker, client, count_queries, cov, db, default_cassette_name, default_localstack_broker, default_localstack_broker_cls, default_localstack_broker_env, default_localstack_broker_image, default_localstack_broker_ports, default_pytest_celery_network, default_rabbitmq_broker, default_rabbitmq_broker_cls, default_rabbitmq_broker_env, default_rabbitmq_broker_image, default_rabbitmq_broker_ports, default_redis_backend, default_redis_backend_cls, default_redis_backend_command, default_redis_backend_env, default_redis_backend_image, default_redis_backend_ports, default_redis_broker, default_redis_broker_cls, default_redis_broker_command, default_redis_broker_env, default_redis_broker_image, default_redis_broker_ports, default_worker_app, default_worker_app_module, default_worker_celery_log_level, default_worker_celery_version, default_worker_celery_worker_name, default_worker_celery_worker_queue, default_worker_cls, default_worker_command, default_worker_container, default_worker_container_cls, default_worker_container_session_cls, default_worker_env, default_worker_initial_content, default_worker_ports, default_worker_signals, default_worker_tasks, default_worker_utils_module, default_worker_volume, depends_on_current_app, disable_recording, django_assert_max_num_queries, django_assert_num_queries, django_capture_on_commit_callbacks, django_db_blocker, django_db_createdb, django_db_keepdb, django_db_modify_db_settings, django_db_modify_db_settings_parallel_suffix, django_db_modify_db_settings_tox_suffix, django_db_modify_db_settings_xdist_suffix, django_db_reset_sequences, django_db_serialized_rollback, django_db_setup, django_db_use_migrations, django_mail_dnsname, django_mail_patch_dns, django_test_environment, django_user_model, django_username_field, docker_client, doctest_namespace, event_loop_policy, faker, free_tcp_port, free_tcp_port_factory, free_udp_port, free_udp_port_factory, live_server, mailoutbox, mocker, module_mocker, monkeypatch, no_cover, package_mocker, pytestconfig, record_mode, record_property, record_testsuite_property, record_xml_attribute, recwarn, rf, session_mocker, settings, socket_disabled, socket_enabled, testrun_uid, tmp_path, tmp_path_factory, tmpdir, tmpdir_factory, transactional_db, unused_tcp_port, unused_tcp_port_factory, unused_udp_port, unused_udp_port_factory, use_celery_app_trap, vcr, vcr_cassette_dir, vcr_config, vcr_markers, worker_id
&gt;       use 'pytest --fixtures [testpath]' for help on them.

C:\semester 5\sqe\semester project\saleor\core\utils\tests\test_events.py:21</error></testcase><testcase classname="core.utils.tests.test_events" name="test_webhook_async_event_requires_sync_webhooks_to_trigger_requires_event_in_map" time="0.009" /><testcase classname="core.utils.tests.test_events" name="test_webhook_async_event_requires_sync_webhooks_to_trigger_not_async_event" time="0.007" /><testcase classname="core.utils.tests.test_events" name="test_webhook_async_event_requires_sync_webhooks_to_trigger_when_no_webhooks" time="0.022"><failure message="RuntimeError: Database access not allowed, use the &quot;django_db&quot; mark, or the &quot;db&quot; or &quot;transactional_db&quot; fixtures to enable it.">saleor\core\utils\tests\test_events.py:55: in test_webhook_async_event_requires_sync_webhooks_to_trigger_when_no_webhooks
    webhook_event_map = get_webhooks_for_multiple_events(
saleor\webhook\utils.py:97: in get_webhooks_for_multiple_events
    for webhook_id, event_type in webhook_id_to_event_type:
C:\Users\saeed\AppData\Local\pypoetry\Cache\virtualenvs\saleor-CZtUS_qn-py3.10\lib\site-packages\django\db\models\query.py:386: in __iter__
    self._fetch_all()
C:\Users\saeed\AppData\Local\pypoetry\Cache\virtualenvs\saleor-CZtUS_qn-py3.10\lib\site-packages\django\db\models\query.py:1954: in _fetch_all
    self._result_cache = list(self._iterable_class(self))
C:\Users\saeed\AppData\Local\pypoetry\Cache\virtualenvs\saleor-CZtUS_qn-py3.10\lib\site-packages\django\db\models\query.py:234: in __iter__
    return compiler.results_iter(
C:\Users\saeed\AppData\Local\pypoetry\Cache\virtualenvs\saleor-CZtUS_qn-py3.10\lib\site-packages\django\db\models\sql\compiler.py:1572: in results_iter
    results = self.execute_sql(
C:\Users\saeed\AppData\Local\pypoetry\Cache\virtualenvs\saleor-CZtUS_qn-py3.10\lib\site-packages\django\db\models\sql\compiler.py:1621: in execute_sql
    cursor = self.connection.cursor()
C:\Users\saeed\AppData\Local\pypoetry\Cache\virtualenvs\saleor-CZtUS_qn-py3.10\lib\site-packages\django\utils\asyncio.py:26: in inner
    return func(*args, **kwargs)
C:\Users\saeed\AppData\Local\pypoetry\Cache\virtualenvs\saleor-CZtUS_qn-py3.10\lib\site-packages\django\db\backends\base\base.py:320: in cursor
    return self._cursor()
C:\Users\saeed\AppData\Local\pypoetry\Cache\virtualenvs\saleor-CZtUS_qn-py3.10\lib\site-packages\django\db\backends\base\base.py:296: in _cursor
    self.ensure_connection()
E   RuntimeError: Database access not allowed, use the "django_db" mark, or the "db" or "transactional_db" fixtures to enable it.</failure></testcase><testcase classname="core.utils.tests.test_events" name="test_webhook_async_event_requires_sync_webhooks_to_trigger_when_async_webhook" time="0.006"><error message="failed on setup with &quot;file C:\semester 5\sqe\semester project\saleor\core\utils\tests\test_events.py, line 69&#10;  def test_webhook_async_event_requires_sync_webhooks_to_trigger_when_async_webhook(&#10;E       fixture 'webhook' not found&#10;&gt;       available fixtures: _class_scoped_runner, _dj_autoclear_mailbox, _django_clear_site_cache, _django_db_helper, _django_db_marker, _django_set_urlconf, _django_setup_unittest, _fail_for_invalid_template_variable, _function_scoped_runner, _live_server_helper, _module_scoped_runner, _package_scoped_runner, _pytest_query_marker, _session_faker, _session_scoped_runner, _template_string_if_invalid_marker, admin_client, admin_user, allowed_hosts, anyio_backend, anyio_backend_name, anyio_backend_options, async_client, async_rf, block_network, cache, capfd, capfdbinary, caplog, capsys, capsysbinary, capteesys, celery_app, celery_backend, celery_backend_cluster, celery_backend_cluster_config, celery_base_worker_image, celery_broker, celery_broker_cluster, celery_broker_cluster_config, celery_class_tasks, celery_config, celery_enable_logging, celery_includes, celery_localstack_broker, celery_parameters, celery_rabbitmq_broker, celery_redis_backend, celery_redis_broker, celery_session_app, celery_session_worker, celery_setup, celery_setup_app, celery_setup_cls, celery_setup_config, celery_setup_name, celery_setup_worker, celery_worker, celery_worker_cluster, celery_worker_cluster_config, celery_worker_parameters, celery_worker_pool, class_mocker, client, count_queries, cov, db, default_cassette_name, default_localstack_broker, default_localstack_broker_cls, default_localstack_broker_env, default_localstack_broker_image, default_localstack_broker_ports, default_pytest_celery_network, default_rabbitmq_broker, default_rabbitmq_broker_cls, default_rabbitmq_broker_env, default_rabbitmq_broker_image, default_rabbitmq_broker_ports, default_redis_backend, default_redis_backend_cls, default_redis_backend_command, default_redis_backend_env, default_redis_backend_image, default_redis_backend_ports, default_redis_broker, default_redis_broker_cls, default_redis_broker_command, default_redis_broker_env, default_redis_broker_image, default_redis_broker_ports, default_worker_app, default_worker_app_module, default_worker_celery_log_level, default_worker_celery_version, default_worker_celery_worker_name, default_worker_celery_worker_queue, default_worker_cls, default_worker_command, default_worker_container, default_worker_container_cls, default_worker_container_session_cls, default_worker_env, default_worker_initial_content, default_worker_ports, default_worker_signals, default_worker_tasks, default_worker_utils_module, default_worker_volume, depends_on_current_app, disable_recording, django_assert_max_num_queries, django_assert_num_queries, django_capture_on_commit_callbacks, django_db_blocker, django_db_createdb, django_db_keepdb, django_db_modify_db_settings, django_db_modify_db_settings_parallel_suffix, django_db_modify_db_settings_tox_suffix, django_db_modify_db_settings_xdist_suffix, django_db_reset_sequences, django_db_serialized_rollback, django_db_setup, django_db_use_migrations, django_mail_dnsname, django_mail_patch_dns, django_test_environment, django_user_model, django_username_field, docker_client, doctest_namespace, event_loop_policy, faker, free_tcp_port, free_tcp_port_factory, free_udp_port, free_udp_port_factory, live_server, mailoutbox, mocker, module_mocker, monkeypatch, no_cover, package_mocker, pytestconfig, record_mode, record_property, record_testsuite_property, record_xml_attribute, recwarn, rf, session_mocker, settings, socket_disabled, socket_enabled, testrun_uid, tmp_path, tmp_path_factory, tmpdir, tmpdir_factory, transactional_db, unused_tcp_port, unused_tcp_port_factory, unused_udp_port, unused_udp_port_factory, use_celery_app_trap, vcr, vcr_cassette_dir, vcr_config, vcr_markers, worker_id&#10;&gt;       use 'pytest --fixtures [testpath]' for help on them.&#10;&#10;C:\semester 5\sqe\semester project\saleor\core\utils\tests\test_events.py:69&quot;">file C:\semester 5\sqe\semester project\saleor\core\utils\tests\test_events.py, line 69
  def test_webhook_async_event_requires_sync_webhooks_to_trigger_when_async_webhook(
E       fixture 'webhook' not found
&gt;       available fixtures: _class_scoped_runner, _dj_autoclear_mailbox, _django_clear_site_cache, _django_db_helper, _django_db_marker, _django_set_urlconf, _django_setup_unittest, _fail_for_invalid_template_variable, _function_scoped_runner, _live_server_helper, _module_scoped_runner, _package_scoped_runner, _pytest_query_marker, _session_faker, _session_scoped_runner, _template_string_if_invalid_marker, admin_client, admin_user, allowed_hosts, anyio_backend, anyio_backend_name, anyio_backend_options, async_client, async_rf, block_network, cache, capfd, capfdbinary, caplog, capsys, capsysbinary, capteesys, celery_app, celery_backend, celery_backend_cluster, celery_backend_cluster_config, celery_base_worker_image, celery_broker, celery_broker_cluster, celery_broker_cluster_config, celery_class_tasks, celery_config, celery_enable_logging, celery_includes, celery_localstack_broker, celery_parameters, celery_rabbitmq_broker, celery_redis_backend, celery_redis_broker, celery_session_app, celery_session_worker, celery_setup, celery_setup_app, celery_setup_cls, celery_setup_config, celery_setup_name, celery_setup_worker, celery_worker, celery_worker_cluster, celery_worker_cluster_config, celery_worker_parameters, celery_worker_pool, class_mocker, client, count_queries, cov, db, default_cassette_name, default_localstack_broker, default_localstack_broker_cls, default_localstack_broker_env, default_localstack_broker_image, default_localstack_broker_ports, default_pytest_celery_network, default_rabbitmq_broker, default_rabbitmq_broker_cls, default_rabbitmq_broker_env, default_rabbitmq_broker_image, default_rabbitmq_broker_ports, default_redis_backend, default_redis_backend_cls, default_redis_backend_command, default_redis_backend_env, default_redis_backend_image, default_redis_backend_ports, default_redis_broker, default_redis_broker_cls, default_redis_broker_command, default_redis_broker_env, default_redis_broker_image, default_redis_broker_ports, default_worker_app, default_worker_app_module, default_worker_celery_log_level, default_worker_celery_version, default_worker_celery_worker_name, default_worker_celery_worker_queue, default_worker_cls, default_worker_command, default_worker_container, default_worker_container_cls, default_worker_container_session_cls, default_worker_env, default_worker_initial_content, default_worker_ports, default_worker_signals, default_worker_tasks, default_worker_utils_module, default_worker_volume, depends_on_current_app, disable_recording, django_assert_max_num_queries, django_assert_num_queries, django_capture_on_commit_callbacks, django_db_blocker, django_db_createdb, django_db_keepdb, django_db_modify_db_settings, django_db_modify_db_settings_parallel_suffix, django_db_modify_db_settings_tox_suffix, django_db_modify_db_settings_xdist_suffix, django_db_reset_sequences, django_db_serialized_rollback, django_db_setup, django_db_use_migrations, django_mail_dnsname, django_mail_patch_dns, django_test_environment, django_user_model, django_username_field, docker_client, doctest_namespace, event_loop_policy, faker, free_tcp_port, free_tcp_port_factory, free_udp_port, free_udp_port_factory, live_server, mailoutbox, mocker, module_mocker, monkeypatch, no_cover, package_mocker, pytestconfig, record_mode, record_property, record_testsuite_property, record_xml_attribute, recwarn, rf, session_mocker, settings, socket_disabled, socket_enabled, testrun_uid, tmp_path, tmp_path_factory, tmpdir, tmpdir_factory, transactional_db, unused_tcp_port, unused_tcp_port_factory, unused_udp_port, unused_udp_port_factory, use_celery_app_trap, vcr, vcr_cassette_dir, vcr_config, vcr_markers, worker_id
&gt;       use 'pytest --fixtures [testpath]' for help on them.

C:\semester 5\sqe\semester project\saleor\core\utils\tests\test_events.py:69</error></testcase><testcase classname="core.utils.tests.test_events" name="test_webhook_async_event_requires_sync_webhooks_to_trigger_when_sync_webhook_active" time="0.007"><error message="failed on setup with &quot;file C:\semester 5\sqe\semester project\saleor\core\utils\tests\test_events.py, line 91&#10;  def test_webhook_async_event_requires_sync_webhooks_to_trigger_when_sync_webhook_active(&#10;E       fixture 'webhook' not found&#10;&gt;       available fixtures: _class_scoped_runner, _dj_autoclear_mailbox, _django_clear_site_cache, _django_db_helper, _django_db_marker, _django_set_urlconf, _django_setup_unittest, _fail_for_invalid_template_variable, _function_scoped_runner, _live_server_helper, _module_scoped_runner, _package_scoped_runner, _pytest_query_marker, _session_faker, _session_scoped_runner, _template_string_if_invalid_marker, admin_client, admin_user, allowed_hosts, anyio_backend, anyio_backend_name, anyio_backend_options, async_client, async_rf, block_network, cache, capfd, capfdbinary, caplog, capsys, capsysbinary, capteesys, celery_app, celery_backend, celery_backend_cluster, celery_backend_cluster_config, celery_base_worker_image, celery_broker, celery_broker_cluster, celery_broker_cluster_config, celery_class_tasks, celery_config, celery_enable_logging, celery_includes, celery_localstack_broker, celery_parameters, celery_rabbitmq_broker, celery_redis_backend, celery_redis_broker, celery_session_app, celery_session_worker, celery_setup, celery_setup_app, celery_setup_cls, celery_setup_config, celery_setup_name, celery_setup_worker, celery_worker, celery_worker_cluster, celery_worker_cluster_config, celery_worker_parameters, celery_worker_pool, class_mocker, client, count_queries, cov, db, default_cassette_name, default_localstack_broker, default_localstack_broker_cls, default_localstack_broker_env, default_localstack_broker_image, default_localstack_broker_ports, default_pytest_celery_network, default_rabbitmq_broker, default_rabbitmq_broker_cls, default_rabbitmq_broker_env, default_rabbitmq_broker_image, default_rabbitmq_broker_ports, default_redis_backend, default_redis_backend_cls, default_redis_backend_command, default_redis_backend_env, default_redis_backend_image, default_redis_backend_ports, default_redis_broker, default_redis_broker_cls, default_redis_broker_command, default_redis_broker_env, default_redis_broker_image, default_redis_broker_ports, default_worker_app, default_worker_app_module, default_worker_celery_log_level, default_worker_celery_version, default_worker_celery_worker_name, default_worker_celery_worker_queue, default_worker_cls, default_worker_command, default_worker_container, default_worker_container_cls, default_worker_container_session_cls, default_worker_env, default_worker_initial_content, default_worker_ports, default_worker_signals, default_worker_tasks, default_worker_utils_module, default_worker_volume, depends_on_current_app, disable_recording, django_assert_max_num_queries, django_assert_num_queries, django_capture_on_commit_callbacks, django_db_blocker, django_db_createdb, django_db_keepdb, django_db_modify_db_settings, django_db_modify_db_settings_parallel_suffix, django_db_modify_db_settings_tox_suffix, django_db_modify_db_settings_xdist_suffix, django_db_reset_sequences, django_db_serialized_rollback, django_db_setup, django_db_use_migrations, django_mail_dnsname, django_mail_patch_dns, django_test_environment, django_user_model, django_username_field, docker_client, doctest_namespace, event_loop_policy, faker, free_tcp_port, free_tcp_port_factory, free_udp_port, free_udp_port_factory, live_server, mailoutbox, mocker, module_mocker, monkeypatch, no_cover, package_mocker, pytestconfig, record_mode, record_property, record_testsuite_property, record_xml_attribute, recwarn, rf, session_mocker, settings, socket_disabled, socket_enabled, testrun_uid, tmp_path, tmp_path_factory, tmpdir, tmpdir_factory, transactional_db, unused_tcp_port, unused_tcp_port_factory, unused_udp_port, unused_udp_port_factory, use_celery_app_trap, vcr, vcr_cassette_dir, vcr_config, vcr_markers, worker_id&#10;&gt;       use 'pytest --fixtures [testpath]' for help on them.&#10;&#10;C:\semester 5\sqe\semester project\saleor\core\utils\tests\test_events.py:91&quot;">file C:\semester 5\sqe\semester project\saleor\core\utils\tests\test_events.py, line 91
  def test_webhook_async_event_requires_sync_webhooks_to_trigger_when_sync_webhook_active(
E       fixture 'webhook' not found
&gt;       available fixtures: _class_scoped_runner, _dj_autoclear_mailbox, _django_clear_site_cache, _django_db_helper, _django_db_marker, _django_set_urlconf, _django_setup_unittest, _fail_for_invalid_template_variable, _function_scoped_runner, _live_server_helper, _module_scoped_runner, _package_scoped_runner, _pytest_query_marker, _session_faker, _session_scoped_runner, _template_string_if_invalid_marker, admin_client, admin_user, allowed_hosts, anyio_backend, anyio_backend_name, anyio_backend_options, async_client, async_rf, block_network, cache, capfd, capfdbinary, caplog, capsys, capsysbinary, capteesys, celery_app, celery_backend, celery_backend_cluster, celery_backend_cluster_config, celery_base_worker_image, celery_broker, celery_broker_cluster, celery_broker_cluster_config, celery_class_tasks, celery_config, celery_enable_logging, celery_includes, celery_localstack_broker, celery_parameters, celery_rabbitmq_broker, celery_redis_backend, celery_redis_broker, celery_session_app, celery_session_worker, celery_setup, celery_setup_app, celery_setup_cls, celery_setup_config, celery_setup_name, celery_setup_worker, celery_worker, celery_worker_cluster, celery_worker_cluster_config, celery_worker_parameters, celery_worker_pool, class_mocker, client, count_queries, cov, db, default_cassette_name, default_localstack_broker, default_localstack_broker_cls, default_localstack_broker_env, default_localstack_broker_image, default_localstack_broker_ports, default_pytest_celery_network, default_rabbitmq_broker, default_rabbitmq_broker_cls, default_rabbitmq_broker_env, default_rabbitmq_broker_image, default_rabbitmq_broker_ports, default_redis_backend, default_redis_backend_cls, default_redis_backend_command, default_redis_backend_env, default_redis_backend_image, default_redis_backend_ports, default_redis_broker, default_redis_broker_cls, default_redis_broker_command, default_redis_broker_env, default_redis_broker_image, default_redis_broker_ports, default_worker_app, default_worker_app_module, default_worker_celery_log_level, default_worker_celery_version, default_worker_celery_worker_name, default_worker_celery_worker_queue, default_worker_cls, default_worker_command, default_worker_container, default_worker_container_cls, default_worker_container_session_cls, default_worker_env, default_worker_initial_content, default_worker_ports, default_worker_signals, default_worker_tasks, default_worker_utils_module, default_worker_volume, depends_on_current_app, disable_recording, django_assert_max_num_queries, django_assert_num_queries, django_capture_on_commit_callbacks, django_db_blocker, django_db_createdb, django_db_keepdb, django_db_modify_db_settings, django_db_modify_db_settings_parallel_suffix, django_db_modify_db_settings_tox_suffix, django_db_modify_db_settings_xdist_suffix, django_db_reset_sequences, django_db_serialized_rollback, django_db_setup, django_db_use_migrations, django_mail_dnsname, django_mail_patch_dns, django_test_environment, django_user_model, django_username_field, docker_client, doctest_namespace, event_loop_policy, faker, free_tcp_port, free_tcp_port_factory, free_udp_port, free_udp_port_factory, live_server, mailoutbox, mocker, module_mocker, monkeypatch, no_cover, package_mocker, pytestconfig, record_mode, record_property, record_testsuite_property, record_xml_attribute, recwarn, rf, session_mocker, settings, socket_disabled, socket_enabled, testrun_uid, tmp_path, tmp_path_factory, tmpdir, tmpdir_factory, transactional_db, unused_tcp_port, unused_tcp_port_factory, unused_udp_port, unused_udp_port_factory, use_celery_app_trap, vcr, vcr_cassette_dir, vcr_config, vcr_markers, worker_id
&gt;       use 'pytest --fixtures [testpath]' for help on them.

C:\semester 5\sqe\semester project\saleor\core\utils\tests\test_events.py:91</error></testcase><testcase classname="core.utils.tests.test_events" name="test_webhook_async_event_requires_sync_webhooks_to_trigger_webhooks_active" time="0.007"><error message="failed on setup with &quot;file C:\semester 5\sqe\semester project\saleor\core\utils\tests\test_events.py, line 117&#10;  def test_webhook_async_event_requires_sync_webhooks_to_trigger_webhooks_active(&#10;E       fixture 'setup_order_webhooks' not found&#10;&gt;       available fixtures: _class_scoped_runner, _dj_autoclear_mailbox, _django_clear_site_cache, _django_db_helper, _django_db_marker, _django_set_urlconf, _django_setup_unittest, _fail_for_invalid_template_variable, _function_scoped_runner, _live_server_helper, _module_scoped_runner, _package_scoped_runner, _pytest_query_marker, _session_faker, _session_scoped_runner, _template_string_if_invalid_marker, admin_client, admin_user, allowed_hosts, anyio_backend, anyio_backend_name, anyio_backend_options, async_client, async_rf, block_network, cache, capfd, capfdbinary, caplog, capsys, capsysbinary, capteesys, celery_app, celery_backend, celery_backend_cluster, celery_backend_cluster_config, celery_base_worker_image, celery_broker, celery_broker_cluster, celery_broker_cluster_config, celery_class_tasks, celery_config, celery_enable_logging, celery_includes, celery_localstack_broker, celery_parameters, celery_rabbitmq_broker, celery_redis_backend, celery_redis_broker, celery_session_app, celery_session_worker, celery_setup, celery_setup_app, celery_setup_cls, celery_setup_config, celery_setup_name, celery_setup_worker, celery_worker, celery_worker_cluster, celery_worker_cluster_config, celery_worker_parameters, celery_worker_pool, class_mocker, client, count_queries, cov, db, default_cassette_name, default_localstack_broker, default_localstack_broker_cls, default_localstack_broker_env, default_localstack_broker_image, default_localstack_broker_ports, default_pytest_celery_network, default_rabbitmq_broker, default_rabbitmq_broker_cls, default_rabbitmq_broker_env, default_rabbitmq_broker_image, default_rabbitmq_broker_ports, default_redis_backend, default_redis_backend_cls, default_redis_backend_command, default_redis_backend_env, default_redis_backend_image, default_redis_backend_ports, default_redis_broker, default_redis_broker_cls, default_redis_broker_command, default_redis_broker_env, default_redis_broker_image, default_redis_broker_ports, default_worker_app, default_worker_app_module, default_worker_celery_log_level, default_worker_celery_version, default_worker_celery_worker_name, default_worker_celery_worker_queue, default_worker_cls, default_worker_command, default_worker_container, default_worker_container_cls, default_worker_container_session_cls, default_worker_env, default_worker_initial_content, default_worker_ports, default_worker_signals, default_worker_tasks, default_worker_utils_module, default_worker_volume, depends_on_current_app, disable_recording, django_assert_max_num_queries, django_assert_num_queries, django_capture_on_commit_callbacks, django_db_blocker, django_db_createdb, django_db_keepdb, django_db_modify_db_settings, django_db_modify_db_settings_parallel_suffix, django_db_modify_db_settings_tox_suffix, django_db_modify_db_settings_xdist_suffix, django_db_reset_sequences, django_db_serialized_rollback, django_db_setup, django_db_use_migrations, django_mail_dnsname, django_mail_patch_dns, django_test_environment, django_user_model, django_username_field, docker_client, doctest_namespace, event_loop_policy, faker, free_tcp_port, free_tcp_port_factory, free_udp_port, free_udp_port_factory, live_server, mailoutbox, mocker, module_mocker, monkeypatch, no_cover, package_mocker, pytestconfig, record_mode, record_property, record_testsuite_property, record_xml_attribute, recwarn, rf, session_mocker, settings, socket_disabled, socket_enabled, testrun_uid, tmp_path, tmp_path_factory, tmpdir, tmpdir_factory, transactional_db, unused_tcp_port, unused_tcp_port_factory, unused_udp_port, unused_udp_port_factory, use_celery_app_trap, vcr, vcr_cassette_dir, vcr_config, vcr_markers, worker_id&#10;&gt;       use 'pytest --fixtures [testpath]' for help on them.&#10;&#10;C:\semester 5\sqe\semester project\saleor\core\utils\tests\test_events.py:117&quot;">file C:\semester 5\sqe\semester project\saleor\core\utils\tests\test_events.py, line 117
  def test_webhook_async_event_requires_sync_webhooks_to_trigger_webhooks_active(
E       fixture 'setup_order_webhooks' not found
&gt;       available fixtures: _class_scoped_runner, _dj_autoclear_mailbox, _django_clear_site_cache, _django_db_helper, _django_db_marker, _django_set_urlconf, _django_setup_unittest, _fail_for_invalid_template_variable, _function_scoped_runner, _live_server_helper, _module_scoped_runner, _package_scoped_runner, _pytest_query_marker, _session_faker, _session_scoped_runner, _template_string_if_invalid_marker, admin_client, admin_user, allowed_hosts, anyio_backend, anyio_backend_name, anyio_backend_options, async_client, async_rf, block_network, cache, capfd, capfdbinary, caplog, capsys, capsysbinary, capteesys, celery_app, celery_backend, celery_backend_cluster, celery_backend_cluster_config, celery_base_worker_image, celery_broker, celery_broker_cluster, celery_broker_cluster_config, celery_class_tasks, celery_config, celery_enable_logging, celery_includes, celery_localstack_broker, celery_parameters, celery_rabbitmq_broker, celery_redis_backend, celery_redis_broker, celery_session_app, celery_session_worker, celery_setup, celery_setup_app, celery_setup_cls, celery_setup_config, celery_setup_name, celery_setup_worker, celery_worker, celery_worker_cluster, celery_worker_cluster_config, celery_worker_parameters, celery_worker_pool, class_mocker, client, count_queries, cov, db, default_cassette_name, default_localstack_broker, default_localstack_broker_cls, default_localstack_broker_env, default_localstack_broker_image, default_localstack_broker_ports, default_pytest_celery_network, default_rabbitmq_broker, default_rabbitmq_broker_cls, default_rabbitmq_broker_env, default_rabbitmq_broker_image, default_rabbitmq_broker_ports, default_redis_backend, default_redis_backend_cls, default_redis_backend_command, default_redis_backend_env, default_redis_backend_image, default_redis_backend_ports, default_redis_broker, default_redis_broker_cls, default_redis_broker_command, default_redis_broker_env, default_redis_broker_image, default_redis_broker_ports, default_worker_app, default_worker_app_module, default_worker_celery_log_level, default_worker_celery_version, default_worker_celery_worker_name, default_worker_celery_worker_queue, default_worker_cls, default_worker_command, default_worker_container, default_worker_container_cls, default_worker_container_session_cls, default_worker_env, default_worker_initial_content, default_worker_ports, default_worker_signals, default_worker_tasks, default_worker_utils_module, default_worker_volume, depends_on_current_app, disable_recording, django_assert_max_num_queries, django_assert_num_queries, django_capture_on_commit_callbacks, django_db_blocker, django_db_createdb, django_db_keepdb, django_db_modify_db_settings, django_db_modify_db_settings_parallel_suffix, django_db_modify_db_settings_tox_suffix, django_db_modify_db_settings_xdist_suffix, django_db_reset_sequences, django_db_serialized_rollback, django_db_setup, django_db_use_migrations, django_mail_dnsname, django_mail_patch_dns, django_test_environment, django_user_model, django_username_field, docker_client, doctest_namespace, event_loop_policy, faker, free_tcp_port, free_tcp_port_factory, free_udp_port, free_udp_port_factory, live_server, mailoutbox, mocker, module_mocker, monkeypatch, no_cover, package_mocker, pytestconfig, record_mode, record_property, record_testsuite_property, record_xml_attribute, recwarn, rf, session_mocker, settings, socket_disabled, socket_enabled, testrun_uid, tmp_path, tmp_path_factory, tmpdir, tmpdir_factory, transactional_db, unused_tcp_port, unused_tcp_port_factory, unused_udp_port, unused_udp_port_factory, use_celery_app_trap, vcr, vcr_cassette_dir, vcr_config, vcr_markers, worker_id
&gt;       use 'pytest --fixtures [testpath]' for help on them.

C:\semester 5\sqe\semester project\saleor\core\utils\tests\test_events.py:117</error></testcase><testcase classname="core.utils.tests.test_events" name="test_webhook_async_event_requires_sync_webhooks_to_trigger_missing_event_in_map" time="0.010"><failure message="RuntimeError: Database access not allowed, use the &quot;django_db&quot; mark, or the &quot;db&quot; or &quot;transactional_db&quot; fixtures to enable it.">saleor\core\utils\tests\test_events.py:145: in test_webhook_async_event_requires_sync_webhooks_to_trigger_missing_event_in_map
    webhook_event_map = get_webhooks_for_multiple_events(
saleor\webhook\utils.py:97: in get_webhooks_for_multiple_events
    for webhook_id, event_type in webhook_id_to_event_type:
C:\Users\saeed\AppData\Local\pypoetry\Cache\virtualenvs\saleor-CZtUS_qn-py3.10\lib\site-packages\django\db\models\query.py:386: in __iter__
    self._fetch_all()
C:\Users\saeed\AppData\Local\pypoetry\Cache\virtualenvs\saleor-CZtUS_qn-py3.10\lib\site-packages\django\db\models\query.py:1954: in _fetch_all
    self._result_cache = list(self._iterable_class(self))
C:\Users\saeed\AppData\Local\pypoetry\Cache\virtualenvs\saleor-CZtUS_qn-py3.10\lib\site-packages\django\db\models\query.py:234: in __iter__
    return compiler.results_iter(
C:\Users\saeed\AppData\Local\pypoetry\Cache\virtualenvs\saleor-CZtUS_qn-py3.10\lib\site-packages\django\db\models\sql\compiler.py:1572: in results_iter
    results = self.execute_sql(
C:\Users\saeed\AppData\Local\pypoetry\Cache\virtualenvs\saleor-CZtUS_qn-py3.10\lib\site-packages\django\db\models\sql\compiler.py:1621: in execute_sql
    cursor = self.connection.cursor()
C:\Users\saeed\AppData\Local\pypoetry\Cache\virtualenvs\saleor-CZtUS_qn-py3.10\lib\site-packages\django\utils\asyncio.py:26: in inner
    return func(*args, **kwargs)
C:\Users\saeed\AppData\Local\pypoetry\Cache\virtualenvs\saleor-CZtUS_qn-py3.10\lib\site-packages\django\db\backends\base\base.py:320: in cursor
    return self._cursor()
C:\Users\saeed\AppData\Local\pypoetry\Cache\virtualenvs\saleor-CZtUS_qn-py3.10\lib\site-packages\django\db\backends\base\base.py:296: in _cursor
    self.ensure_connection()
E   RuntimeError: Database access not allowed, use the "django_db" mark, or the "db" or "transactional_db" fixtures to enable it.</failure></testcase><testcase classname="core.utils.tests.test_events" name="test_call_event_including_protected_events" time="0.004"><error message="failed on setup with &quot;file C:\semester 5\sqe\semester project\saleor\core\utils\tests\test_events.py, line 164&#10;  @patch(&quot;saleor.plugins.manager.PluginsManager.checkout_created&quot;)&#10;  def test_call_event_including_protected_events(&#10;E       fixture 'checkout_with_items' not found&#10;&gt;       available fixtures: _class_scoped_runner, _dj_autoclear_mailbox, _django_clear_site_cache, _django_db_helper, _django_db_marker, _django_set_urlconf, _django_setup_unittest, _fail_for_invalid_template_variable, _function_scoped_runner, _live_server_helper, _module_scoped_runner, _package_scoped_runner, _pytest_query_marker, _session_faker, _session_scoped_runner, _template_string_if_invalid_marker, admin_client, admin_user, allowed_hosts, anyio_backend, anyio_backend_name, anyio_backend_options, async_client, async_rf, block_network, cache, capfd, capfdbinary, caplog, capsys, capsysbinary, capteesys, celery_app, celery_backend, celery_backend_cluster, celery_backend_cluster_config, celery_base_worker_image, celery_broker, celery_broker_cluster, celery_broker_cluster_config, celery_class_tasks, celery_config, celery_enable_logging, celery_includes, celery_localstack_broker, celery_parameters, celery_rabbitmq_broker, celery_redis_backend, celery_redis_broker, celery_session_app, celery_session_worker, celery_setup, celery_setup_app, celery_setup_cls, celery_setup_config, celery_setup_name, celery_setup_worker, celery_worker, celery_worker_cluster, celery_worker_cluster_config, celery_worker_parameters, celery_worker_pool, class_mocker, client, count_queries, cov, db, default_cassette_name, default_localstack_broker, default_localstack_broker_cls, default_localstack_broker_env, default_localstack_broker_image, default_localstack_broker_ports, default_pytest_celery_network, default_rabbitmq_broker, default_rabbitmq_broker_cls, default_rabbitmq_broker_env, default_rabbitmq_broker_image, default_rabbitmq_broker_ports, default_redis_backend, default_redis_backend_cls, default_redis_backend_command, default_redis_backend_env, default_redis_backend_image, default_redis_backend_ports, default_redis_broker, default_redis_broker_cls, default_redis_broker_command, default_redis_broker_env, default_redis_broker_image, default_redis_broker_ports, default_worker_app, default_worker_app_module, default_worker_celery_log_level, default_worker_celery_version, default_worker_celery_worker_name, default_worker_celery_worker_queue, default_worker_cls, default_worker_command, default_worker_container, default_worker_container_cls, default_worker_container_session_cls, default_worker_env, default_worker_initial_content, default_worker_ports, default_worker_signals, default_worker_tasks, default_worker_utils_module, default_worker_volume, depends_on_current_app, disable_recording, django_assert_max_num_queries, django_assert_num_queries, django_capture_on_commit_callbacks, django_db_blocker, django_db_createdb, django_db_keepdb, django_db_modify_db_settings, django_db_modify_db_settings_parallel_suffix, django_db_modify_db_settings_tox_suffix, django_db_modify_db_settings_xdist_suffix, django_db_reset_sequences, django_db_serialized_rollback, django_db_setup, django_db_use_migrations, django_mail_dnsname, django_mail_patch_dns, django_test_environment, django_user_model, django_username_field, docker_client, doctest_namespace, event_loop_policy, faker, free_tcp_port, free_tcp_port_factory, free_udp_port, free_udp_port_factory, live_server, mailoutbox, mocker, module_mocker, monkeypatch, no_cover, package_mocker, pytestconfig, record_mode, record_property, record_testsuite_property, record_xml_attribute, recwarn, rf, session_mocker, settings, socket_disabled, socket_enabled, testrun_uid, tmp_path, tmp_path_factory, tmpdir, tmpdir_factory, transactional_db, unused_tcp_port, unused_tcp_port_factory, unused_udp_port, unused_udp_port_factory, use_celery_app_trap, vcr, vcr_cassette_dir, vcr_config, vcr_markers, worker_id&#10;&gt;       use 'pytest --fixtures [testpath]' for help on them.&#10;&#10;C:\semester 5\sqe\semester project\saleor\core\utils\tests\test_events.py:164&quot;">file C:\semester 5\sqe\semester project\saleor\core\utils\tests\test_events.py, line 164
  @patch("saleor.plugins.manager.PluginsManager.checkout_created")
  def test_call_event_including_protected_events(
E       fixture 'checkout_with_items' not found
&gt;       available fixtures: _class_scoped_runner, _dj_autoclear_mailbox, _django_clear_site_cache, _django_db_helper, _django_db_marker, _django_set_urlconf, _django_setup_unittest, _fail_for_invalid_template_variable, _function_scoped_runner, _live_server_helper, _module_scoped_runner, _package_scoped_runner, _pytest_query_marker, _session_faker, _session_scoped_runner, _template_string_if_invalid_marker, admin_client, admin_user, allowed_hosts, anyio_backend, anyio_backend_name, anyio_backend_options, async_client, async_rf, block_network, cache, capfd, capfdbinary, caplog, capsys, capsysbinary, capteesys, celery_app, celery_backend, celery_backend_cluster, celery_backend_cluster_config, celery_base_worker_image, celery_broker, celery_broker_cluster, celery_broker_cluster_config, celery_class_tasks, celery_config, celery_enable_logging, celery_includes, celery_localstack_broker, celery_parameters, celery_rabbitmq_broker, celery_redis_backend, celery_redis_broker, celery_session_app, celery_session_worker, celery_setup, celery_setup_app, celery_setup_cls, celery_setup_config, celery_setup_name, celery_setup_worker, celery_worker, celery_worker_cluster, celery_worker_cluster_config, celery_worker_parameters, celery_worker_pool, class_mocker, client, count_queries, cov, db, default_cassette_name, default_localstack_broker, default_localstack_broker_cls, default_localstack_broker_env, default_localstack_broker_image, default_localstack_broker_ports, default_pytest_celery_network, default_rabbitmq_broker, default_rabbitmq_broker_cls, default_rabbitmq_broker_env, default_rabbitmq_broker_image, default_rabbitmq_broker_ports, default_redis_backend, default_redis_backend_cls, default_redis_backend_command, default_redis_backend_env, default_redis_backend_image, default_redis_backend_ports, default_redis_broker, default_redis_broker_cls, default_redis_broker_command, default_redis_broker_env, default_redis_broker_image, default_redis_broker_ports, default_worker_app, default_worker_app_module, default_worker_celery_log_level, default_worker_celery_version, default_worker_celery_worker_name, default_worker_celery_worker_queue, default_worker_cls, default_worker_command, default_worker_container, default_worker_container_cls, default_worker_container_session_cls, default_worker_env, default_worker_initial_content, default_worker_ports, default_worker_signals, default_worker_tasks, default_worker_utils_module, default_worker_volume, depends_on_current_app, disable_recording, django_assert_max_num_queries, django_assert_num_queries, django_capture_on_commit_callbacks, django_db_blocker, django_db_createdb, django_db_keepdb, django_db_modify_db_settings, django_db_modify_db_settings_parallel_suffix, django_db_modify_db_settings_tox_suffix, django_db_modify_db_settings_xdist_suffix, django_db_reset_sequences, django_db_serialized_rollback, django_db_setup, django_db_use_migrations, django_mail_dnsname, django_mail_patch_dns, django_test_environment, django_user_model, django_username_field, docker_client, doctest_namespace, event_loop_policy, faker, free_tcp_port, free_tcp_port_factory, free_udp_port, free_udp_port_factory, live_server, mailoutbox, mocker, module_mocker, monkeypatch, no_cover, package_mocker, pytestconfig, record_mode, record_property, record_testsuite_property, record_xml_attribute, recwarn, rf, session_mocker, settings, socket_disabled, socket_enabled, testrun_uid, tmp_path, tmp_path_factory, tmpdir, tmpdir_factory, transactional_db, unused_tcp_port, unused_tcp_port_factory, unused_udp_port, unused_udp_port_factory, use_celery_app_trap, vcr, vcr_cassette_dir, vcr_config, vcr_markers, worker_id
&gt;       use 'pytest --fixtures [testpath]' for help on them.

C:\semester 5\sqe\semester project\saleor\core\utils\tests\test_events.py:164</error></testcase><testcase classname="core.utils.tests.test_events" name="test_webhook_async_event_requires_sync_webhooks_to_trigger_no_subscription_for_event[]" time="0.003"><error message="failed on setup with &quot;file C:\semester 5\sqe\semester project\saleor\core\utils\tests\test_events.py, line 184&#10;  @pytest.mark.parametrize(&quot;subscription_query&quot;, [&quot;&quot;, None])&#10;  def test_webhook_async_event_requires_sync_webhooks_to_trigger_no_subscription_for_event(&#10;E       fixture 'setup_order_webhooks' not found&#10;&gt;       available fixtures: _class_scoped_runner, _dj_autoclear_mailbox, _django_clear_site_cache, _django_db_helper, _django_db_marker, _django_set_urlconf, _django_setup_unittest, _fail_for_invalid_template_variable, _function_scoped_runner, _live_server_helper, _module_scoped_runner, _package_scoped_runner, _pytest_query_marker, _session_faker, _session_scoped_runner, _template_string_if_invalid_marker, admin_client, admin_user, allowed_hosts, anyio_backend, anyio_backend_name, anyio_backend_options, async_client, async_rf, block_network, cache, capfd, capfdbinary, caplog, capsys, capsysbinary, capteesys, celery_app, celery_backend, celery_backend_cluster, celery_backend_cluster_config, celery_base_worker_image, celery_broker, celery_broker_cluster, celery_broker_cluster_config, celery_class_tasks, celery_config, celery_enable_logging, celery_includes, celery_localstack_broker, celery_parameters, celery_rabbitmq_broker, celery_redis_backend, celery_redis_broker, celery_session_app, celery_session_worker, celery_setup, celery_setup_app, celery_setup_cls, celery_setup_config, celery_setup_name, celery_setup_worker, celery_worker, celery_worker_cluster, celery_worker_cluster_config, celery_worker_parameters, celery_worker_pool, class_mocker, client, count_queries, cov, db, default_cassette_name, default_localstack_broker, default_localstack_broker_cls, default_localstack_broker_env, default_localstack_broker_image, default_localstack_broker_ports, default_pytest_celery_network, default_rabbitmq_broker, default_rabbitmq_broker_cls, default_rabbitmq_broker_env, default_rabbitmq_broker_image, default_rabbitmq_broker_ports, default_redis_backend, default_redis_backend_cls, default_redis_backend_command, default_redis_backend_env, default_redis_backend_image, default_redis_backend_ports, default_redis_broker, default_redis_broker_cls, default_redis_broker_command, default_redis_broker_env, default_redis_broker_image, default_redis_broker_ports, default_worker_app, default_worker_app_module, default_worker_celery_log_level, default_worker_celery_version, default_worker_celery_worker_name, default_worker_celery_worker_queue, default_worker_cls, default_worker_command, default_worker_container, default_worker_container_cls, default_worker_container_session_cls, default_worker_env, default_worker_initial_content, default_worker_ports, default_worker_signals, default_worker_tasks, default_worker_utils_module, default_worker_volume, depends_on_current_app, disable_recording, django_assert_max_num_queries, django_assert_num_queries, django_capture_on_commit_callbacks, django_db_blocker, django_db_createdb, django_db_keepdb, django_db_modify_db_settings, django_db_modify_db_settings_parallel_suffix, django_db_modify_db_settings_tox_suffix, django_db_modify_db_settings_xdist_suffix, django_db_reset_sequences, django_db_serialized_rollback, django_db_setup, django_db_use_migrations, django_mail_dnsname, django_mail_patch_dns, django_test_environment, django_user_model, django_username_field, docker_client, doctest_namespace, event_loop_policy, faker, free_tcp_port, free_tcp_port_factory, free_udp_port, free_udp_port_factory, live_server, mailoutbox, mocker, module_mocker, monkeypatch, no_cover, package_mocker, pytestconfig, record_mode, record_property, record_testsuite_property, record_xml_attribute, recwarn, rf, session_mocker, settings, socket_disabled, socket_enabled, testrun_uid, tmp_path, tmp_path_factory, tmpdir, tmpdir_factory, transactional_db, unused_tcp_port, unused_tcp_port_factory, unused_udp_port, unused_udp_port_factory, use_celery_app_trap, vcr, vcr_cassette_dir, vcr_config, vcr_markers, worker_id&#10;&gt;       use 'pytest --fixtures [testpath]' for help on them.&#10;&#10;C:\semester 5\sqe\semester project\saleor\core\utils\tests\test_events.py:184&quot;">file C:\semester 5\sqe\semester project\saleor\core\utils\tests\test_events.py, line 184
  @pytest.mark.parametrize("subscription_query", ["", None])
  def test_webhook_async_event_requires_sync_webhooks_to_trigger_no_subscription_for_event(
E       fixture 'setup_order_webhooks' not found
&gt;       available fixtures: _class_scoped_runner, _dj_autoclear_mailbox, _django_clear_site_cache, _django_db_helper, _django_db_marker, _django_set_urlconf, _django_setup_unittest, _fail_for_invalid_template_variable, _function_scoped_runner, _live_server_helper, _module_scoped_runner, _package_scoped_runner, _pytest_query_marker, _session_faker, _session_scoped_runner, _template_string_if_invalid_marker, admin_client, admin_user, allowed_hosts, anyio_backend, anyio_backend_name, anyio_backend_options, async_client, async_rf, block_network, cache, capfd, capfdbinary, caplog, capsys, capsysbinary, capteesys, celery_app, celery_backend, celery_backend_cluster, celery_backend_cluster_config, celery_base_worker_image, celery_broker, celery_broker_cluster, celery_broker_cluster_config, celery_class_tasks, celery_config, celery_enable_logging, celery_includes, celery_localstack_broker, celery_parameters, celery_rabbitmq_broker, celery_redis_backend, celery_redis_broker, celery_session_app, celery_session_worker, celery_setup, celery_setup_app, celery_setup_cls, celery_setup_config, celery_setup_name, celery_setup_worker, celery_worker, celery_worker_cluster, celery_worker_cluster_config, celery_worker_parameters, celery_worker_pool, class_mocker, client, count_queries, cov, db, default_cassette_name, default_localstack_broker, default_localstack_broker_cls, default_localstack_broker_env, default_localstack_broker_image, default_localstack_broker_ports, default_pytest_celery_network, default_rabbitmq_broker, default_rabbitmq_broker_cls, default_rabbitmq_broker_env, default_rabbitmq_broker_image, default_rabbitmq_broker_ports, default_redis_backend, default_redis_backend_cls, default_redis_backend_command, default_redis_backend_env, default_redis_backend_image, default_redis_backend_ports, default_redis_broker, default_redis_broker_cls, default_redis_broker_command, default_redis_broker_env, default_redis_broker_image, default_redis_broker_ports, default_worker_app, default_worker_app_module, default_worker_celery_log_level, default_worker_celery_version, default_worker_celery_worker_name, default_worker_celery_worker_queue, default_worker_cls, default_worker_command, default_worker_container, default_worker_container_cls, default_worker_container_session_cls, default_worker_env, default_worker_initial_content, default_worker_ports, default_worker_signals, default_worker_tasks, default_worker_utils_module, default_worker_volume, depends_on_current_app, disable_recording, django_assert_max_num_queries, django_assert_num_queries, django_capture_on_commit_callbacks, django_db_blocker, django_db_createdb, django_db_keepdb, django_db_modify_db_settings, django_db_modify_db_settings_parallel_suffix, django_db_modify_db_settings_tox_suffix, django_db_modify_db_settings_xdist_suffix, django_db_reset_sequences, django_db_serialized_rollback, django_db_setup, django_db_use_migrations, django_mail_dnsname, django_mail_patch_dns, django_test_environment, django_user_model, django_username_field, docker_client, doctest_namespace, event_loop_policy, faker, free_tcp_port, free_tcp_port_factory, free_udp_port, free_udp_port_factory, live_server, mailoutbox, mocker, module_mocker, monkeypatch, no_cover, package_mocker, pytestconfig, record_mode, record_property, record_testsuite_property, record_xml_attribute, recwarn, rf, session_mocker, settings, socket_disabled, socket_enabled, testrun_uid, tmp_path, tmp_path_factory, tmpdir, tmpdir_factory, transactional_db, unused_tcp_port, unused_tcp_port_factory, unused_udp_port, unused_udp_port_factory, use_celery_app_trap, vcr, vcr_cassette_dir, vcr_config, vcr_markers, worker_id
&gt;       use 'pytest --fixtures [testpath]' for help on them.

C:\semester 5\sqe\semester project\saleor\core\utils\tests\test_events.py:184</error></testcase><testcase classname="core.utils.tests.test_events" name="test_webhook_async_event_requires_sync_webhooks_to_trigger_no_subscription_for_event[None]" time="0.006"><error message="failed on setup with &quot;file C:\semester 5\sqe\semester project\saleor\core\utils\tests\test_events.py, line 184&#10;  @pytest.mark.parametrize(&quot;subscription_query&quot;, [&quot;&quot;, None])&#10;  def test_webhook_async_event_requires_sync_webhooks_to_trigger_no_subscription_for_event(&#10;E       fixture 'setup_order_webhooks' not found&#10;&gt;       available fixtures: _class_scoped_runner, _dj_autoclear_mailbox, _django_clear_site_cache, _django_db_helper, _django_db_marker, _django_set_urlconf, _django_setup_unittest, _fail_for_invalid_template_variable, _function_scoped_runner, _live_server_helper, _module_scoped_runner, _package_scoped_runner, _pytest_query_marker, _session_faker, _session_scoped_runner, _template_string_if_invalid_marker, admin_client, admin_user, allowed_hosts, anyio_backend, anyio_backend_name, anyio_backend_options, async_client, async_rf, block_network, cache, capfd, capfdbinary, caplog, capsys, capsysbinary, capteesys, celery_app, celery_backend, celery_backend_cluster, celery_backend_cluster_config, celery_base_worker_image, celery_broker, celery_broker_cluster, celery_broker_cluster_config, celery_class_tasks, celery_config, celery_enable_logging, celery_includes, celery_localstack_broker, celery_parameters, celery_rabbitmq_broker, celery_redis_backend, celery_redis_broker, celery_session_app, celery_session_worker, celery_setup, celery_setup_app, celery_setup_cls, celery_setup_config, celery_setup_name, celery_setup_worker, celery_worker, celery_worker_cluster, celery_worker_cluster_config, celery_worker_parameters, celery_worker_pool, class_mocker, client, count_queries, cov, db, default_cassette_name, default_localstack_broker, default_localstack_broker_cls, default_localstack_broker_env, default_localstack_broker_image, default_localstack_broker_ports, default_pytest_celery_network, default_rabbitmq_broker, default_rabbitmq_broker_cls, default_rabbitmq_broker_env, default_rabbitmq_broker_image, default_rabbitmq_broker_ports, default_redis_backend, default_redis_backend_cls, default_redis_backend_command, default_redis_backend_env, default_redis_backend_image, default_redis_backend_ports, default_redis_broker, default_redis_broker_cls, default_redis_broker_command, default_redis_broker_env, default_redis_broker_image, default_redis_broker_ports, default_worker_app, default_worker_app_module, default_worker_celery_log_level, default_worker_celery_version, default_worker_celery_worker_name, default_worker_celery_worker_queue, default_worker_cls, default_worker_command, default_worker_container, default_worker_container_cls, default_worker_container_session_cls, default_worker_env, default_worker_initial_content, default_worker_ports, default_worker_signals, default_worker_tasks, default_worker_utils_module, default_worker_volume, depends_on_current_app, disable_recording, django_assert_max_num_queries, django_assert_num_queries, django_capture_on_commit_callbacks, django_db_blocker, django_db_createdb, django_db_keepdb, django_db_modify_db_settings, django_db_modify_db_settings_parallel_suffix, django_db_modify_db_settings_tox_suffix, django_db_modify_db_settings_xdist_suffix, django_db_reset_sequences, django_db_serialized_rollback, django_db_setup, django_db_use_migrations, django_mail_dnsname, django_mail_patch_dns, django_test_environment, django_user_model, django_username_field, docker_client, doctest_namespace, event_loop_policy, faker, free_tcp_port, free_tcp_port_factory, free_udp_port, free_udp_port_factory, live_server, mailoutbox, mocker, module_mocker, monkeypatch, no_cover, package_mocker, pytestconfig, record_mode, record_property, record_testsuite_property, record_xml_attribute, recwarn, rf, session_mocker, settings, socket_disabled, socket_enabled, testrun_uid, tmp_path, tmp_path_factory, tmpdir, tmpdir_factory, transactional_db, unused_tcp_port, unused_tcp_port_factory, unused_udp_port, unused_udp_port_factory, use_celery_app_trap, vcr, vcr_cassette_dir, vcr_config, vcr_markers, worker_id&#10;&gt;       use 'pytest --fixtures [testpath]' for help on them.&#10;&#10;C:\semester 5\sqe\semester project\saleor\core\utils\tests\test_events.py:184&quot;">file C:\semester 5\sqe\semester project\saleor\core\utils\tests\test_events.py, line 184
  @pytest.mark.parametrize("subscription_query", ["", None])
  def test_webhook_async_event_requires_sync_webhooks_to_trigger_no_subscription_for_event(
E       fixture 'setup_order_webhooks' not found
&gt;       available fixtures: _class_scoped_runner, _dj_autoclear_mailbox, _django_clear_site_cache, _django_db_helper, _django_db_marker, _django_set_urlconf, _django_setup_unittest, _fail_for_invalid_template_variable, _function_scoped_runner, _live_server_helper, _module_scoped_runner, _package_scoped_runner, _pytest_query_marker, _session_faker, _session_scoped_runner, _template_string_if_invalid_marker, admin_client, admin_user, allowed_hosts, anyio_backend, anyio_backend_name, anyio_backend_options, async_client, async_rf, block_network, cache, capfd, capfdbinary, caplog, capsys, capsysbinary, capteesys, celery_app, celery_backend, celery_backend_cluster, celery_backend_cluster_config, celery_base_worker_image, celery_broker, celery_broker_cluster, celery_broker_cluster_config, celery_class_tasks, celery_config, celery_enable_logging, celery_includes, celery_localstack_broker, celery_parameters, celery_rabbitmq_broker, celery_redis_backend, celery_redis_broker, celery_session_app, celery_session_worker, celery_setup, celery_setup_app, celery_setup_cls, celery_setup_config, celery_setup_name, celery_setup_worker, celery_worker, celery_worker_cluster, celery_worker_cluster_config, celery_worker_parameters, celery_worker_pool, class_mocker, client, count_queries, cov, db, default_cassette_name, default_localstack_broker, default_localstack_broker_cls, default_localstack_broker_env, default_localstack_broker_image, default_localstack_broker_ports, default_pytest_celery_network, default_rabbitmq_broker, default_rabbitmq_broker_cls, default_rabbitmq_broker_env, default_rabbitmq_broker_image, default_rabbitmq_broker_ports, default_redis_backend, default_redis_backend_cls, default_redis_backend_command, default_redis_backend_env, default_redis_backend_image, default_redis_backend_ports, default_redis_broker, default_redis_broker_cls, default_redis_broker_command, default_redis_broker_env, default_redis_broker_image, default_redis_broker_ports, default_worker_app, default_worker_app_module, default_worker_celery_log_level, default_worker_celery_version, default_worker_celery_worker_name, default_worker_celery_worker_queue, default_worker_cls, default_worker_command, default_worker_container, default_worker_container_cls, default_worker_container_session_cls, default_worker_env, default_worker_initial_content, default_worker_ports, default_worker_signals, default_worker_tasks, default_worker_utils_module, default_worker_volume, depends_on_current_app, disable_recording, django_assert_max_num_queries, django_assert_num_queries, django_capture_on_commit_callbacks, django_db_blocker, django_db_createdb, django_db_keepdb, django_db_modify_db_settings, django_db_modify_db_settings_parallel_suffix, django_db_modify_db_settings_tox_suffix, django_db_modify_db_settings_xdist_suffix, django_db_reset_sequences, django_db_serialized_rollback, django_db_setup, django_db_use_migrations, django_mail_dnsname, django_mail_patch_dns, django_test_environment, django_user_model, django_username_field, docker_client, doctest_namespace, event_loop_policy, faker, free_tcp_port, free_tcp_port_factory, free_udp_port, free_udp_port_factory, live_server, mailoutbox, mocker, module_mocker, monkeypatch, no_cover, package_mocker, pytestconfig, record_mode, record_property, record_testsuite_property, record_xml_attribute, recwarn, rf, session_mocker, settings, socket_disabled, socket_enabled, testrun_uid, tmp_path, tmp_path_factory, tmpdir, tmpdir_factory, transactional_db, unused_tcp_port, unused_tcp_port_factory, unused_udp_port, unused_udp_port_factory, use_celery_app_trap, vcr, vcr_cassette_dir, vcr_config, vcr_markers, worker_id
&gt;       use 'pytest --fixtures [testpath]' for help on them.

C:\semester 5\sqe\semester project\saleor\core\utils\tests\test_events.py:184</error></testcase><testcase classname="core.utils.tests.test_events" name="test_webhook_async_event_requires_sync_webhooks_to_trigger_no_subscription_single_webhook[]" time="0.007"><error message="failed on setup with &quot;file C:\semester 5\sqe\semester project\saleor\core\utils\tests\test_events.py, line 218&#10;  @pytest.mark.parametrize(&quot;subscription_query&quot;, [&quot;&quot;, None])&#10;  def test_webhook_async_event_requires_sync_webhooks_to_trigger_no_subscription_single_webhook(&#10;E       fixture 'setup_order_webhooks' not found&#10;&gt;       available fixtures: _class_scoped_runner, _dj_autoclear_mailbox, _django_clear_site_cache, _django_db_helper, _django_db_marker, _django_set_urlconf, _django_setup_unittest, _fail_for_invalid_template_variable, _function_scoped_runner, _live_server_helper, _module_scoped_runner, _package_scoped_runner, _pytest_query_marker, _session_faker, _session_scoped_runner, _template_string_if_invalid_marker, admin_client, admin_user, allowed_hosts, anyio_backend, anyio_backend_name, anyio_backend_options, async_client, async_rf, block_network, cache, capfd, capfdbinary, caplog, capsys, capsysbinary, capteesys, celery_app, celery_backend, celery_backend_cluster, celery_backend_cluster_config, celery_base_worker_image, celery_broker, celery_broker_cluster, celery_broker_cluster_config, celery_class_tasks, celery_config, celery_enable_logging, celery_includes, celery_localstack_broker, celery_parameters, celery_rabbitmq_broker, celery_redis_backend, celery_redis_broker, celery_session_app, celery_session_worker, celery_setup, celery_setup_app, celery_setup_cls, celery_setup_config, celery_setup_name, celery_setup_worker, celery_worker, celery_worker_cluster, celery_worker_cluster_config, celery_worker_parameters, celery_worker_pool, class_mocker, client, count_queries, cov, db, default_cassette_name, default_localstack_broker, default_localstack_broker_cls, default_localstack_broker_env, default_localstack_broker_image, default_localstack_broker_ports, default_pytest_celery_network, default_rabbitmq_broker, default_rabbitmq_broker_cls, default_rabbitmq_broker_env, default_rabbitmq_broker_image, default_rabbitmq_broker_ports, default_redis_backend, default_redis_backend_cls, default_redis_backend_command, default_redis_backend_env, default_redis_backend_image, default_redis_backend_ports, default_redis_broker, default_redis_broker_cls, default_redis_broker_command, default_redis_broker_env, default_redis_broker_image, default_redis_broker_ports, default_worker_app, default_worker_app_module, default_worker_celery_log_level, default_worker_celery_version, default_worker_celery_worker_name, default_worker_celery_worker_queue, default_worker_cls, default_worker_command, default_worker_container, default_worker_container_cls, default_worker_container_session_cls, default_worker_env, default_worker_initial_content, default_worker_ports, default_worker_signals, default_worker_tasks, default_worker_utils_module, default_worker_volume, depends_on_current_app, disable_recording, django_assert_max_num_queries, django_assert_num_queries, django_capture_on_commit_callbacks, django_db_blocker, django_db_createdb, django_db_keepdb, django_db_modify_db_settings, django_db_modify_db_settings_parallel_suffix, django_db_modify_db_settings_tox_suffix, django_db_modify_db_settings_xdist_suffix, django_db_reset_sequences, django_db_serialized_rollback, django_db_setup, django_db_use_migrations, django_mail_dnsname, django_mail_patch_dns, django_test_environment, django_user_model, django_username_field, docker_client, doctest_namespace, event_loop_policy, faker, free_tcp_port, free_tcp_port_factory, free_udp_port, free_udp_port_factory, live_server, mailoutbox, mocker, module_mocker, monkeypatch, no_cover, package_mocker, pytestconfig, record_mode, record_property, record_testsuite_property, record_xml_attribute, recwarn, rf, session_mocker, settings, socket_disabled, socket_enabled, testrun_uid, tmp_path, tmp_path_factory, tmpdir, tmpdir_factory, transactional_db, unused_tcp_port, unused_tcp_port_factory, unused_udp_port, unused_udp_port_factory, use_celery_app_trap, vcr, vcr_cassette_dir, vcr_config, vcr_markers, worker_id&#10;&gt;       use 'pytest --fixtures [testpath]' for help on them.&#10;&#10;C:\semester 5\sqe\semester project\saleor\core\utils\tests\test_events.py:218&quot;">file C:\semester 5\sqe\semester project\saleor\core\utils\tests\test_events.py, line 218
  @pytest.mark.parametrize("subscription_query", ["", None])
  def test_webhook_async_event_requires_sync_webhooks_to_trigger_no_subscription_single_webhook(
E       fixture 'setup_order_webhooks' not found
[...]
t_redis_backend_cls, default_redis_backend_command, default_redis_backend_env, default_redis_backend_image, default_redis_backend_ports, default_redis_broker, default_redis_broker_cls, default_redis_broker_command, default_redis_broker_env, default_redis_broker_image, default_redis_broker_ports, default_worker_app, default_worker_app_module, default_worker_celery_log_level, default_worker_celery_version, default_worker_celery_worker_name, default_worker_celery_worker_queue, default_worker_cls, default_worker_command, default_worker_container, default_worker_container_cls, default_worker_container_session_cls, default_worker_env, default_worker_initial_content, default_worker_ports, default_worker_signals, default_worker_tasks, default_worker_utils_module, default_worker_volume, depends_on_current_app, disable_recording, django_assert_max_num_queries, django_assert_num_queries, django_capture_on_commit_callbacks, django_db_blocker, django_db_createdb, django_db_keepdb, django_db_modify_db_settings, django_db_modify_db_settings_parallel_suffix, django_db_modify_db_settings_tox_suffix, django_db_modify_db_settings_xdist_suffix, django_db_reset_sequences, django_db_serialized_rollback, django_db_setup, django_db_use_migrations, django_mail_dnsname, django_mail_patch_dns, django_test_environment, django_user_model, django_username_field, docker_client, doctest_namespace, event_loop_policy, faker, free_tcp_port, free_tcp_port_factory, free_udp_port, free_udp_port_factory, live_server, mailoutbox, mocker, module_mocker, monkeypatch, no_cover, package_mocker, pytestconfig, record_mode, record_property, record_testsuite_property, record_xml_attribute, recwarn, rf, session_mocker, settings, socket_disabled, socket_enabled, testrun_uid, tmp_path, tmp_path_factory, tmpdir, tmpdir_factory, transactional_db, unused_tcp_port, unused_tcp_port_factory, unused_udp_port, unused_udp_port_factory, use_celery_app_trap, vcr, vcr_cassette_dir, vcr_config, vcr_markers, worker_id&#10;&gt;       use 'pytest --fixtures [testpath]' for help on them.&#10;&#10;C:\semester 5\sqe\semester project\saleor\core\utils\tests\test_update_mutation_manager.py:56&quot;">file C:\semester 5\sqe\semester project\saleor\core\utils\tests\test_update_mutation_manager.py, line 56
  def test_instance_tracker_foreign_relation(order_with_lines):
E       fixture 'order_with_lines' not found
&gt;       available fixtures: _class_scoped_runner, _dj_autoclear_mailbox, _django_clear_site_cache, _django_db_helper, _django_db_marker, _django_set_urlconf, _django_setup_unittest, _fail_for_invalid_template_variable, _function_scoped_runner, _live_server_helper, _module_scoped_runner, _package_scoped_runner, _pytest_query_marker, _session_faker, _session_scoped_runner, _template_string_if_invalid_marker, admin_client, admin_user, allowed_hosts, anyio_backend, anyio_backend_name, anyio_backend_options, async_client, async_rf, block_network, cache, capfd, capfdbinary, caplog, capsys, capsysbinary, capteesys, celery_app, celery_backend, celery_backend_cluster, celery_backend_cluster_config, celery_base_worker_image, celery_broker, celery_broker_cluster, celery_broker_cluster_config, celery_class_tasks, celery_config, celery_enable_logging, celery_includes, celery_localstack_broker, celery_parameters, celery_rabbitmq_broker, celery_redis_backend, celery_redis_broker, celery_session_app, celery_session_worker, celery_setup, celery_setup_app, celery_setup_cls, celery_setup_config, celery_setup_name, celery_setup_worker, celery_worker, celery_worker_cluster, celery_worker_cluster_config, celery_worker_parameters, celery_worker_pool, class_mocker, client, count_queries, cov, db, default_cassette_name, default_localstack_broker, default_localstack_broker_cls, default_localstack_broker_env, default_localstack_broker_image, default_localstack_broker_ports, default_pytest_celery_network, default_rabbitmq_broker, default_rabbitmq_broker_cls, default_rabbitmq_broker_env, default_rabbitmq_broker_image, default_rabbitmq_broker_ports, default_redis_backend, default_redis_backend_cls, default_redis_backend_command, default_redis_backend_env, default_redis_backend_image, default_redis_backend_ports, default_redis_broker, default_redis_broker_cls, default_redis_broker_command, default_redis_broker_env, default_redis_broker_image, default_redis_broker_ports, default_worker_app, default_worker_app_module, default_worker_celery_log_level, default_worker_celery_version, default_worker_celery_worker_name, default_worker_celery_worker_queue, default_worker_cls, default_worker_command, default_worker_container, default_worker_container_cls, default_worker_container_session_cls, default_worker_env, default_worker_initial_content, default_worker_ports, default_worker_signals, default_worker_tasks, default_worker_utils_module, default_worker_volume, depends_on_current_app, disable_recording, django_assert_max_num_queries, django_assert_num_queries, django_capture_on_commit_callbacks, django_db_blocker, django_db_createdb, django_db_keepdb, django_db_modify_db_settings, django_db_modify_db_settings_parallel_suffix, django_db_modify_db_settings_tox_suffix, django_db_modify_db_settings_xdist_suffix, django_db_reset_sequences, django_db_serialized_rollback, django_db_setup, django_db_use_migrations, django_mail_dnsname, django_mail_patch_dns, django_test_environment, django_user_model, django_username_field, docker_client, doctest_namespace, event_loop_policy, faker, free_tcp_port, free_tcp_port_factory, free_udp_port, free_udp_port_factory, live_server, mailoutbox, mocker, module_mocker, monkeypatch, no_cover, package_mocker, pytestconfig, record_mode, record_property, record_testsuite_property, record_xml_attribute, recwarn, rf, session_mocker, settings, socket_disabled, socket_enabled, testrun_uid, tmp_path, tmp_path_factory, tmpdir, tmpdir_factory, transactional_db, unused_tcp_port, unused_tcp_port_factory, unused_udp_port, unused_udp_port_factory, use_celery_app_trap, vcr, vcr_cassette_dir, vcr_config, vcr_markers, worker_id
&gt;       use 'pytest --fixtures [testpath]' for help on them.

C:\semester 5\sqe\semester project\saleor\core\utils\tests\test_update_mutation_manager.py:56</error></testcase><testcase classname="core.utils.tests.test_update_mutation_manager" name="test_instance_tracker_foreign_relation_new_instance" time="0.004"><error message="failed on setup with &quot;file C:\semester 5\sqe\semester project\saleor\core\utils\tests\test_update_mutation_manager.py, line 80&#10;  def test_instance_tracker_foreign_relation_new_instance(order_with_lines):&#10;E       fixture 'order_with_lines' not found&#10;&gt;       available fixtures: _class_scoped_runner, _dj_autoclear_mailbox, _django_clear_site_cache, _django_db_helper, _django_db_marker, _django_set_urlconf, _django_setup_unittest, _fail_for_invalid_template_variable, _function_scoped_runner, _live_server_helper, _module_scoped_runner, _package_scoped_runner, _pytest_query_marker, _session_faker, _session_scoped_runner, _template_string_if_invalid_marker, admin_client, admin_user, allowed_hosts, anyio_backend, anyio_backend_name, anyio_backend_options, async_client, async_rf, block_network, cache, capfd, capfdbinary, caplog, capsys, capsysbinary, capteesys, celery_app, celery_backend, celery_backend_cluster, celery_backend_cluster_config, celery_base_worker_image, celery_broker, celery_broker_cluster, celery_broker_cluster_config, celery_class_tasks, celery_config, celery_enable_logging, celery_includes, celery_localstack_broker, celery_parameters, celery_rabbitmq_broker, celery_redis_backend, celery_redis_broker, celery_session_app, celery_session_worker, celery_setup, celery_setup_app, celery_setup_cls, celery_setup_config, celery_setup_name, celery_setup_worker, celery_worker, celery_worker_cluster, celery_worker_cluster_config, celery_worker_parameters, celery_worker_pool, class_mocker, client, count_queries, cov, db, default_cassette_name, default_localstack_broker, default_localstack_broker_cls, default_localstack_broker_env, default_localstack_broker_image, default_localstack_broker_ports, default_pytest_celery_network, default_rabbitmq_broker, default_rabbitmq_broker_cls, default_rabbitmq_broker_env, default_rabbitmq_broker_image, default_rabbitmq_broker_ports, default_redis_backend, default_redis_backend_cls, default_redis_backend_command, default_redis_backend_env, default_redis_backend_image, default_redis_backend_ports, default_redis_broker, default_redis_broker_cls, default_redis_broker_command, default_redis_broker_env, default_redis_broker_image, default_redis_broker_ports, default_worker_app, default_worker_app_module, default_worker_celery_log_level, default_worker_celery_version, default_worker_celery_worker_name, default_worker_celery_worker_queue, default_worker_cls, default_worker_command, default_worker_container, default_worker_container_cls, default_worker_container_session_cls, default_worker_env, default_worker_initial_content, default_worker_ports, default_worker_signals, default_worker_tasks, default_worker_utils_module, default_worker_volume, depends_on_current_app, disable_recording, django_assert_max_num_queries, django_assert_num_queries, django_capture_on_commit_callbacks, django_db_blocker, django_db_createdb, django_db_keepdb, django_db_modify_db_settings, django_db_modify_db_settings_parallel_suffix, django_db_modify_db_settings_tox_suffix, django_db_modify_db_settings_xdist_suffix, django_db_reset_sequences, django_db_serialized_rollback, django_db_setup, django_db_use_migrations, django_mail_dnsname, django_mail_patch_dns, django_test_environment, django_user_model, django_username_field, docker_client, doctest_namespace, event_loop_policy, faker, free_tcp_port, free_tcp_port_factory, free_udp_port, free_udp_port_factory, live_server, mailoutbox, mocker, module_mocker, monkeypatch, no_cover, package_mocker, pytestconfig, record_mode, record_property, record_testsuite_property, record_xml_attribute, recwarn, rf, session_mocker, settings, socket_disabled, socket_enabled, testrun_uid, tmp_path, tmp_path_factory, tmpdir, tmpdir_factory, transactional_db, unused_tcp_port, unused_tcp_port_factory, unused_udp_port, unused_udp_port_factory, use_celery_app_trap, vcr, vcr_cassette_dir, vcr_config, vcr_markers, worker_id&#10;&gt;       use 'pytest --fixtures [testpath]' for help on them.&#10;&#10;C:\semester 5\sqe\semester project\saleor\core\utils\tests\test_update_mutation_manager.py:80&quot;">file C:\semester 5\sqe\semester project\saleor\core\utils\tests\test_update_mutation_manager.py, line 80
  def test_instance_tracker_foreign_relation_new_instance(order_with_lines):
E       fixture 'order_with_lines' not found
&gt;       available fixtures: _class_scoped_runner, _dj_autoclear_mailbox, _django_clear_site_cache, _django_db_helper, _django_db_marker, _django_set_urlconf, _django_setup_unittest, _fail_for_invalid_template_variable, _function_scoped_runner, _live_server_helper, _module_scoped_runner, _package_scoped_runner, _pytest_query_marker, _session_faker, _session_scoped_runner, _template_string_if_invalid_marker, admin_client, admin_user, allowed_hosts, anyio_backend, anyio_backend_name, anyio_backend_options, async_client, async_rf, block_network, cache, capfd, capfdbinary, caplog, capsys, capsysbinary, capteesys, celery_app, celery_backend, celery_backend_cluster, celery_backend_cluster_config, celery_base_worker_image, celery_broker, celery_broker_cluster, celery_broker_cluster_config, celery_class_tasks, celery_config, celery_enable_logging, celery_includes, celery_localstack_broker, celery_parameters, celery_rabbitmq_broker, celery_redis_backend, celery_redis_broker, celery_session_app, celery_session_worker, celery_setup, celery_setup_app, celery_setup_cls, celery_setup_config, celery_setup_name, celery_setup_worker, celery_worker, celery_worker_cluster, celery_worker_cluster_config, celery_worker_parameters, celery_worker_pool, class_mocker, client, count_queries, cov, db, default_cassette_name, default_localstack_broker, default_localstack_broker_cls, default_localstack_broker_env, default_localstack_broker_image, default_localstack_broker_ports, default_pytest_celery_network, default_rabbitmq_broker, default_rabbitmq_broker_cls, default_rabbitmq_broker_env, default_rabbitmq_broker_image, default_rabbitmq_broker_ports, default_redis_backend, default_redis_backend_cls, default_redis_backend_command, default_redis_backend_env, default_redis_backend_image, default_redis_backend_ports, default_redis_broker, default_redis_broker_cls, default_redis_broker_command, default_redis_broker_env, default_redis_broker_image, default_redis_broker_ports, default_worker_app, default_worker_app_module, default_worker_celery_log_level, default_worker_celery_version, default_worker_celery_worker_name, default_worker_celery_worker_queue, default_worker_cls, default_worker_command, default_worker_container, default_worker_container_cls, default_worker_container_session_cls, default_worker_env, default_worker_initial_content, default_worker_ports, default_worker_signals, default_worker_tasks, default_worker_utils_module, default_worker_volume, depends_on_current_app, disable_recording, django_assert_max_num_queries, django_assert_num_queries, django_capture_on_commit_callbacks, django_db_blocker, django_db_createdb, django_db_keepdb, django_db_modify_db_settings, django_db_modify_db_settings_parallel_suffix, django_db_modify_db_settings_tox_suffix, django_db_modify_db_settings_xdist_suffix, django_db_reset_sequences, django_db_serialized_rollback, django_db_setup, django_db_use_migrations, django_mail_dnsname, django_mail_patch_dns, django_test_environment, django_user_model, django_username_field, docker_client, doctest_namespace, event_loop_policy, faker, free_tcp_port, free_tcp_port_factory, free_udp_port, free_udp_port_factory, live_server, mailoutbox, mocker, module_mocker, monkeypatch, no_cover, package_mocker, pytestconfig, record_mode, record_property, record_testsuite_property, record_xml_attribute, recwarn, rf, session_mocker, settings, socket_disabled, socket_enabled, testrun_uid, tmp_path, tmp_path_factory, tmpdir, tmpdir_factory, transactional_db, unused_tcp_port, unused_tcp_port_factory, unused_udp_port, unused_udp_port_factory, use_celery_app_trap, vcr, vcr_cassette_dir, vcr_config, vcr_markers, worker_id
&gt;       use 'pytest --fixtures [testpath]' for help on them.

C:\semester 5\sqe\semester project\saleor\core\utils\tests\test_update_mutation_manager.py:80</error></testcase><testcase classname="core.utils.tests.test_url" name="test_prepare_url" time="0.005" /><testcase classname="core.utils.tests.test_url" name="test_prepare_url_with_existing_query" time="0.007" /><testcase classname="core.utils.tests.test_url" name="test_get_default_storage_root_url" time="0.013"><failure message="RuntimeError: Database access not allowed, use the &quot;django_db&quot; mark, or the &quot;db&quot; or &quot;transactional_db&quot; fixtures to enable it.">saleor\core\utils\tests\test_url.py:26: in test_get_default_storage_root_url
    root_url = get_default_storage_root_url()
saleor\core\utils\url.py:51: in get_default_storage_root_url
    return build_absolute_uri(default_storage.url(tmp_path)).rstrip(tmp_path)
saleor\core\utils\__init__.py:49: in build_absolute_uri
    current_uri = get_public_url(domain)
saleor\core\utils\__init__.py:32: in get_public_url
    host = domain or Site.objects.get_current().domain
saleor\site\patch_sites.py:29: in new_get_current
    self.prefetch_related("settings")
C:\Users\saeed\AppData\Local\pypoetry\Cache\virtualenvs\saleor-CZtUS_qn-py3.10\lib\site-packages\django\db\models\query.py:437: in __getitem__
    qs._fetch_all()
C:\Users\saeed\AppData\Local\pypoetry\Cache\virtualenvs\saleor-CZtUS_qn-py3.10\lib\site-packages\django\db\models\query.py:1954: in _fetch_all
    self._result_cache = list(self._iterable_class(self))
C:\Users\saeed\AppData\Local\pypoetry\Cache\virtualenvs\saleor-CZtUS_qn-py3.10\lib\site-packages\django\db\models\query.py:93: in __iter__
    results = compiler.execute_sql(
C:\Users\saeed\AppData\Local\pypoetry\Cache\virtualenvs\saleor-CZtUS_qn-py3.10\lib\site-packages\django\db\models\sql\compiler.py:1621: in execute_sql
    cursor = self.connection.cursor()
C:\Users\saeed\AppData\Local\pypoetry\Cache\virtualenvs\saleor-CZtUS_qn-py3.10\lib\site-packages\django\utils\asyncio.py:26: in inner
    return func(*args, **kwargs)
C:\Users\saeed\AppData\Local\pypoetry\Cache\virtualenvs\saleor-CZtUS_qn-py3.10\lib\site-packages\django\db\backends\base\base.py:320: in cursor
    return self._cursor()
C:\Users\saeed\AppData\Local\pypoetry\Cache\virtualenvs\saleor-CZtUS_qn-py3.10\lib\site-packages\django\db\backends\base\base.py:296: in _cursor
    self.ensure_connection()
E   RuntimeError: Database access not allowed, use the "django_db" mark, or the "db" or "transactional_db" fixtures to enable it.</failure></testcase><testcase classname="core.utils.tests.test_url" name="test_sanitize_url_for_logging[http://example.com/test-http://example.com/test]" time="0.008" /><testcase classname="core.utils.tests.test_url" name="test_sanitize_url_for_logging[https://example.com:8000/test/path?q=val&amp;k=val-https://example.com:8000/test/path?q=val&amp;k=val]" time="0.010" /><testcase classname="core.utils.tests.test_url" name="test_sanitize_url_for_logging[https://user@example.com/test-https://***:***@example.com/test]" time="0.007" /><testcase classname="core.utils.tests.test_url" name="test_sanitize_url_for_logging[https://:password@example.com/test-https://***:***@example.com/test]" time="0.007" /><testcase classname="core.utils.tests.test_url" name="test_sanitize_url_for_logging[http://user:password@example.com:8000/test-http://***:***@example.com:8000/test]" time="0.008" /><testcase classname="core.utils.tests.test_url" name="test_sanitize_url_for_logging[awssqs://key:secret@sqs.us-east-2.amazonaws.com/xxxx/myqueue.fifo-awssqs://***:***@sqs.us-east-2.amazonaws.com/xxxx/myqueue.fifo]" time="0.008" /><testcase classname="core.utils.tests.test_validators_utils.TestValidators" name="test_get_oembed_data_success_photo" time="0.013" /><testcase classname="core.utils.tests.test_validators_utils.TestValidators" name="test_get_oembed_data_success_video" time="0.009" /><testcase classname="core.utils.tests.test_validators_utils.TestValidators" name="test_get_oembed_data_provider_exception" time="0.019" /><testcase classname="core.utils.tests.test_validators_utils.TestValidators" name="test_get_oembed_data_key_error" time="0.013" /><testcase classname="core.utils.tests.test_validators_utils.TestValidators" name="test_is_date_in_future_true" time="0.007"><failure message="AttributeError: module 'datetime' has no attribute 'UTC'">saleor\core\utils\tests\test_validators_utils.py:75: in test_is_date_in_future_true
    future_date = datetime.datetime.now(tz=datetime.UTC).date() + datetime.timedelta(days=1)
E   AttributeError: module 'datetime' has no attribute 'UTC'</failure></testcase><testcase classname="core.utils.tests.test_validators_utils.TestValidators" name="test_is_date_in_future_false_past" time="0.008"><failure message="AttributeError: module 'datetime' has no attribute 'UTC'">saleor\core\utils\tests\test_validators_utils.py:80: in test_is_date_in_future_false_past
    past_date = datetime.datetime.now(tz=datetime.UTC).date() - datetime.timedelta(days=1)
E   AttributeError: module 'datetime' has no attribute 'UTC'</failure></testcase><testcase classname="core.utils.tests.test_validators_utils.TestValidators" name="test_is_date_in_future_false_today" time="0.055"><failure message="AttributeError: module 'datetime' has no attribute 'UTC'">saleor\core\utils\tests\test_validators_utils.py:85: in test_is_date_in_future_false_today
    today = datetime.datetime.now(tz=datetime.UTC).date()
E   AttributeError: module 'datetime' has no attribute 'UTC'</failure></testcase></testsuite></testsuites>